<?xml version="1.0" encoding="UTF-8"?>
<testng-results ignored="0" total="1" passed="1" failed="0" skipped="0">
  <reporter-output>
  </reporter-output>
  <suite started-at="2022-02-08T08:15:45 IST" name="Default suite" finished-at="2022-02-08T08:15:45 IST" duration-ms="323">
    <groups>
    </groups>
    <test started-at="2022-02-08T08:15:45 IST" name="Default test" finished-at="2022-02-08T08:15:45 IST" duration-ms="323">
      <class name="com.automation.Demotestng">
        <test-method signature="m1()[pri:0, instance:com.automation.Demotestng@483f6d77]" started-at="2022-02-08T08:15:45 IST" name="m1" finished-at="2022-02-08T08:15:45 IST" duration-ms="61" status="PASS">
          <reporter-output>
          </reporter-output>
        </test-method> <!-- m1 -->
      </class> <!-- com.automation.Demotestng -->
    </test> <!-- Default test -->
  </suite> <!-- Default suite -->
</testng-results>
